[    0.000000] Linux version 4.15.0-139-generic (buildd@lgw01-amd64-035) (gcc version 7.5.0 (Ubuntu 7.5.0-3ubuntu1~18.04)) #143-Ubuntu SMP Tue Mar 16 01:30:17 UTC 2021 (Ubuntu 4.15.0-139.143-generic 4.15.18)
[    0.000000] Command line: BOOT_IMAGE=/boot/vmlinuz-4.15.0-139-generic root=LABEL=cloudimg-rootfs ro console=tty1 console=ttyS0
[    0.000000] KERNEL supported cpus:
[    0.000000]   Intel GenuineIntel
[    0.000000]   AMD AuthenticAMD
[    0.000000]   Centaur CentaurHauls
[    0.000000] [Firmware Bug]: TSC doesn't count with P0 frequency!
[    0.000000] random: get_random_u32 called from bsp_init_amd+0x207/0x2c0 with crng_init=0
[    0.000000] x86/fpu: Supporting XSAVE feature 0x001: 'x87 floating point registers'
[    0.000000] x86/fpu: Supporting XSAVE feature 0x002: 'SSE registers'
[    0.000000] x86/fpu: Supporting XSAVE feature 0x004: 'AVX registers'
[    0.000000] x86/fpu: xstate_offset[2]:  576, xstate_sizes[2]:  256
[    0.000000] x86/fpu: Enabled xstate features 0x7, context size is 832 bytes, using 'standard' format.
[    0.000000] e820: BIOS-provided physical RAM map:
[    0.000000] BIOS-e820: [mem 0x0000000000000000-0x000000000009fbff] usable
[    0.000000] BIOS-e820: [mem 0x000000000009fc00-0x000000000009ffff] reserved
[    0.000000] BIOS-e820: [mem 0x00000000000f0000-0x00000000000fffff] reserved
[    0.000000] BIOS-e820: [mem 0x0000000000100000-0x000000003ffeffff] usable
[    0.000000] BIOS-e820: [mem 0x000000003fff0000-0x000000003fffffff] ACPI data
[    0.000000] BIOS-e820: [mem 0x00000000fec00000-0x00000000fec00fff] reserved
[    0.000000] BIOS-e820: [mem 0x00000000fee00000-0x00000000fee00fff] reserved
[    0.000000] BIOS-e820: [mem 0x00000000fffc0000-0x00000000ffffffff] reserved
[    0.000000] NX (Execute Disable) protection: active
[    0.000000] SMBIOS 2.5 present.
[    0.000000] DMI: innotek GmbH VirtualBox/VirtualBox, BIOS VirtualBox 12/01/2006
[    0.000000] Hypervisor detected: KVM
[    0.000000] e820: last_pfn = 0x3fff0 max_arch_pfn = 0x400000000
[    0.000000] MTRR: Disabled
[    0.000000] x86/PAT: MTRRs disabled, skipping PAT initialization too.
[    0.000000] CPU MTRRs all blank - virtualized system.
[    0.000000] x86/PAT: Configuration [0-7]: WB  WT  UC- UC  WB  WT  UC- UC  
[    0.000000] found SMP MP-table at [mem 0x0009fff0-0x0009ffff]
[    0.000000] Scanning 1 areas for low memory corruption
[    0.000000] RAMDISK: [mem 0x35a63000-0x36d28fff]
[    0.000000] ACPI: Early table checksum verification disabled
[    0.000000] ACPI: RSDP 0x00000000000E0000 000024 (v02 VBOX  )
[    0.000000] ACPI: XSDT 0x000000003FFF0030 00003C (v01 VBOX   VBOXXSDT 00000001 ASL  00000061)
[    0.000000] ACPI: FACP 0x000000003FFF00F0 0000F4 (v04 VBOX   VBOXFACP 00000001 ASL  00000061)
[    0.000000] ACPI: DSDT 0x000000003FFF0470 002325 (v02 VBOX   VBOXBIOS 00000002 INTL 20100528)
[    0.000000] ACPI: FACS 0x000000003FFF0200 000040
[    0.000000] ACPI: FACS 0x000000003FFF0200 000040
[    0.000000] ACPI: APIC 0x000000003FFF0240 00005C (v02 VBOX   VBOXAPIC 00000001 ASL  00000061)
[    0.000000] ACPI: SSDT 0x000000003FFF02A0 0001CC (v01 VBOX   VBOXCPUT 00000002 INTL 20100528)
[    0.000000] No NUMA configuration found
[    0.000000] Faking a node at [mem 0x0000000000000000-0x000000003ffeffff]
[    0.000000] NODE_DATA(0) allocated [mem 0x3ffc5000-0x3ffeffff]
[    0.000000] kvm-clock: cpu 0, msr 0:3ff44001, primary cpu clock
[    0.000000] kvm-clock: Using msrs 4b564d01 and 4b564d00
[    0.000000] kvm-clock: using sched offset of 5151817043 cycles
[    0.000000] clocksource: kvm-clock: mask: 0xffffffffffffffff max_cycles: 0x1cd42e4dffb, max_idle_ns: 881590591483 ns
[    0.000000] Zone ranges:
[    0.000000]   DMA      [mem 0x0000000000001000-0x0000000000ffffff]
[    0.000000]   DMA32    [mem 0x0000000001000000-0x000000003ffeffff]
[    0.000000]   Normal   empty
[    0.000000]   Device   empty
[    0.000000] Movable zone start for each node
[    0.000000] Early memory node ranges
[    0.000000]   node   0: [mem 0x0000000000001000-0x000000000009efff]
[    0.000000]   node   0: [mem 0x0000000000100000-0x000000003ffeffff]
[    0.000000] Reserved but unavailable: 98 pages
[    0.000000] Initmem setup node 0 [mem 0x0000000000001000-0x000000003ffeffff]
[    0.000000] ACPI: PM-Timer IO Port: 0x4008
[    0.000000] IOAPIC[0]: apic_id 2, version 32, address 0xfec00000, GSI 0-23
[    0.000000] ACPI: INT_SRC_OVR (bus 0 bus_irq 0 global_irq 2 dfl dfl)
[    0.000000] ACPI: INT_SRC_OVR (bus 0 bus_irq 9 global_irq 9 low level)
[    0.000000] Using ACPI (MADT) for SMP configuration information
[    0.000000] smpboot: Allowing 2 CPUs, 0 hotplug CPUs
[    0.000000] PM: Registered nosave memory: [mem 0x00000000-0x00000fff]
[    0.000000] PM: Registered nosave memory: [mem 0x0009f000-0x0009ffff]
[    0.000000] PM: Registered nosave memory: [mem 0x000a0000-0x000effff]
[    0.000000] PM: Registered nosave memory: [mem 0x000f0000-0x000fffff]
[    0.000000] e820: [mem 0x40000000-0xfebfffff] available for PCI devices
[    0.000000] Booting paravirtualized kernel on KVM
[    0.000000] clocksource: refined-jiffies: mask: 0xffffffff max_cycles: 0xffffffff, max_idle_ns: 7645519600211568 ns
[    0.000000] setup_percpu: NR_CPUS:8192 nr_cpumask_bits:2 nr_cpu_ids:2 nr_node_ids:1
[    0.000000] percpu: Embedded 45 pages/cpu s147456 r8192 d28672 u1048576
[    0.000000] PV qspinlock hash table entries: 256 (order: 0, 4096 bytes)
[    0.000000] Built 1 zonelists, mobility grouping on.  Total pages: 257913
[    0.000000] Policy zone: DMA32
[    0.000000] Kernel command line: BOOT_IMAGE=/boot/vmlinuz-4.15.0-139-generic root=LABEL=cloudimg-rootfs ro console=tty1 console=ttyS0
[    0.000000] Memory: 983020K/1048120K available (12300K kernel code, 2483K rwdata, 4276K rodata, 2440K init, 2724K bss, 65100K reserved, 0K cma-reserved)
[    0.000000] SLUB: HWalign=64, Order=0-3, MinObjects=0, CPUs=2, Nodes=1
[    0.000000] ftrace: allocating 39429 entries in 155 pages
[    0.004000] Hierarchical RCU implementation.
[    0.004000] 	RCU restricting CPUs from NR_CPUS=8192 to nr_cpu_ids=2.
[    0.004000] 	Tasks RCU enabled.
[    0.004000] RCU: Adjusting geometry for rcu_fanout_leaf=16, nr_cpu_ids=2
[    0.004000] NR_IRQS: 524544, nr_irqs: 440, preallocated irqs: 16
[    0.004000] Console: colour VGA+ 80x25
[    0.004000] console [tty1] enabled
[    0.004000] console [ttyS0] enabled
[    0.004000] ACPI: Core revision 20170831
[    0.004000] ACPI: 2 ACPI AML tables successfully acquired and loaded
[    0.004000] APIC: Switch to symmetric I/O mode setup
[    0.004000] x2apic enabled
[    0.004000] Switched APIC routing to physical x2apic.
[    0.004000] ..TIMER: vector=0x30 apic1=0 pin1=2 apic2=-1 pin2=-1
[    0.004000] tsc: Detected 2894.564 MHz processor
[    0.004000] Calibrating delay loop (skipped) preset value.. 5789.12 BogoMIPS (lpj=11578256)
[    0.004000] pid_max: default: 32768 minimum: 301
[    0.004000] Security Framework initialized
[    0.004000] Yama: becoming mindful.
[    0.004000] AppArmor: AppArmor initialized
[    0.004000] Dentry cache hash table entries: 131072 (order: 8, 1048576 bytes)
[    0.004000] Inode-cache hash table entries: 65536 (order: 7, 524288 bytes)
[    0.004000] Mount-cache hash table entries: 2048 (order: 2, 16384 bytes)
[    0.004000] Mountpoint-cache hash table entries: 2048 (order: 2, 16384 bytes)
[    0.004358] BIOS may not properly restore RDRAND after suspend, but hypervisor does not support hiding RDRAND via CPUID.
[    0.008089] Last level iTLB entries: 4KB 512, 2MB 1024, 4MB 512
[    0.012004] Last level dTLB entries: 4KB 1024, 2MB 1024, 4MB 512, 1GB 0
[    0.014019] Spectre V1 : Mitigation: usercopy/swapgs barriers and __user pointer sanitization
[    0.016004] Spectre V2 : Spectre mitigation: LFENCE not serializing, switching to generic retpoline
[    0.020006] Spectre V2 : Mitigation: Full generic retpoline
[    0.024003] Spectre V2 : Spectre v2 / SpectreRSB mitigation: Filling RSB on context switch
[    0.028005] Speculative Store Bypass: Mitigation: Speculative Store Bypass disabled via prctl and seccomp
[    0.032293] Freeing SMP alternatives memory: 36K
[    0.160354] APIC calibration not consistent with PM-Timer: 108ms instead of 100ms
[    0.162780] APIC delta adjusted to PM-Timer: 6475145 (7022709)
[    0.164000] smpboot: CPU0: AMD A9-9410 RADEON R5, 5 COMPUTE CORES 2C+3G (family: 0x15, model: 0x70, stepping: 0x0)
[    0.164000] Performance Events: PMU not available due to virtualization, using software events only.
[    0.164000] Hierarchical SRCU implementation.
[    0.164000] NMI watchdog: Perf event create on CPU 0 failed with -2
[    0.164000] NMI watchdog: Perf NMI watchdog permanently disabled
[    0.164000] smp: Bringing up secondary CPUs ...
[    0.164000] x86: Booting SMP configuration:
[    0.164000] .... node  #0, CPUs:      #1
[    0.004000] kvm-clock: cpu 1, msr 0:3ff44041, secondary cpu clock
[    0.172080] smp: Brought up 1 node, 2 CPUs
[    0.176012] smpboot: Max logical packages: 1
[    0.177489] smpboot: Total of 2 processors activated (11578.25 BogoMIPS)
[    0.180101] devtmpfs: initialized
[    0.181050] x86/mm: Memory block size: 128MB
[    0.182378] evm: security.selinux
[    0.183280] evm: security.SMACK64
[    0.184023] evm: security.SMACK64EXEC
[    0.185112] evm: security.SMACK64TRANSMUTE
[    0.186321] evm: security.SMACK64MMAP
[    0.188004] evm: security.apparmor
[    0.188942] evm: security.ima
[    0.189770] evm: security.capability
[    0.192122] clocksource: jiffies: mask: 0xffffffff max_cycles: 0xffffffff, max_idle_ns: 7645041785100000 ns
[    0.194576] futex hash table entries: 512 (order: 3, 32768 bytes)
[    0.197624] pinctrl core: initialized pinctrl subsystem
[    0.200194] RTC time:  5:51:10, date: 07/08/21
[    0.204321] NET: Registered protocol family 16
[    0.205660] audit: initializing netlink subsys (disabled)
[    0.208066] audit: type=2000 audit(1625723476.908:1): state=initialized audit_enabled=0 res=1
[    0.212023] cpuidle: using governor ladder
[    0.213161] cpuidle: using governor menu
[    0.214678] ACPI: bus type PCI registered
[    0.214678] acpiphp: ACPI Hot Plug PCI Controller Driver version: 0.5
[    0.216174] PCI: Using configuration type 1 for base access
[    0.217771] PCI: Using configuration type 1 for extended access
[    0.221377] HugeTLB registered 2.00 MiB page size, pre-allocated 0 pages
[    0.224128] ACPI: Added _OSI(Module Device)
[    0.225467] ACPI: Added _OSI(Processor Device)
[    0.228009] ACPI: Added _OSI(3.0 _SCP Extensions)
[    0.229341] ACPI: Added _OSI(Processor Aggregator Device)
[    0.232010] ACPI: Added _OSI(Linux-Dell-Video)
[    0.233396] ACPI: Added _OSI(Linux-Lenovo-NV-HDMI-Audio)
[    0.235060] ACPI: Added _OSI(Linux-HPI-Hybrid-Graphics)
[    0.236621] ACPI: Executed 1 blocks of module-level executable AML code
[    0.246668] ACPI: Interpreter enabled
[    0.248046] ACPI: (supports S0 S5)
[    0.249339] ACPI: Using IOAPIC for interrupt routing
[    0.251361] PCI: Using host bridge windows from ACPI; if necessary, use "pci=nocrs" and report a bug
[    0.252406] ACPI: Enabled 2 GPEs in block 00 to 07
[    0.267629] ACPI: PCI Root Bridge [PCI0] (domain 0000 [bus 00-ff])
[    0.268023] acpi PNP0A03:00: _OSC: OS supports [ExtendedConfig ASPM ClockPM Segments MSI]
[    0.272000] acpi PNP0A03:00: _OSC: platform does not support [PCIeCapability]
[    0.272570] acpi PNP0A03:00: _OSC: not requesting control; platform does not support [PCIeCapability]
[    0.275415] acpi PNP0A03:00: _OSC: OS requested [PCIeHotplug PME AER PCIeCapability]
[    0.280007] acpi PNP0A03:00: _OSC: platform willing to grant [PCIeHotplug PME AER]
[    0.283218] acpi PNP0A03:00: _OSC failed (AE_SUPPORT); disabling ASPM
[    0.284756] PCI host bridge to bus 0000:00
[    0.288009] pci_bus 0000:00: root bus resource [io  0x0000-0x0cf7 window]
[    0.290052] pci_bus 0000:00: root bus resource [io  0x0d00-0xffff window]
[    0.292009] pci_bus 0000:00: root bus resource [mem 0x000a0000-0x000bffff window]
[    0.294337] pci_bus 0000:00: root bus resource [mem 0x40000000-0xfdffffff window]
[    0.296007] pci_bus 0000:00: root bus resource [bus 00-ff]
[    0.298581] pci 0000:00:01.1: legacy IDE quirk: reg 0x10: [io  0x01f0-0x01f7]
[    0.304007] pci 0000:00:01.1: legacy IDE quirk: reg 0x14: [io  0x03f6]
[    0.305772] pci 0000:00:01.1: legacy IDE quirk: reg 0x18: [io  0x0170-0x0177]
[    0.307692] pci 0000:00:01.1: legacy IDE quirk: reg 0x1c: [io  0x0376]
[    0.348938] pci 0000:00:07.0: quirk: [io  0x4000-0x403f] claimed by PIIX4 ACPI
[    0.351646] pci 0000:00:07.0: quirk: [io  0x4100-0x410f] claimed by PIIX4 SMB
[    0.367420] ACPI: PCI Interrupt Link [LNKA] (IRQs 5 9 10 *11)
[    0.368679] ACPI: PCI Interrupt Link [LNKB] (IRQs 5 9 *10 11)
[    0.372242] ACPI: PCI Interrupt Link [LNKC] (IRQs 5 *9 10 11)
[    0.374443] ACPI: PCI Interrupt Link [LNKD] (IRQs 5 9 10 *11)
[    0.376744] SCSI subsystem initialized
[    0.380259] pci 0000:00:02.0: vgaarb: setting as boot VGA device
[    0.382262] pci 0000:00:02.0: vgaarb: VGA device added: decodes=io+mem,owns=io+mem,locks=none
[    0.384010] pci 0000:00:02.0: vgaarb: bridge control possible
[    0.388004] vgaarb: loaded
[    0.389126] ACPI: bus type USB registered
[    0.390631] usbcore: registered new interface driver usbfs
[    0.392027] usbcore: registered new interface driver hub
[    0.393914] usbcore: registered new device driver usb
[    0.396107] EDAC MC: Ver: 3.0.0
[    0.400174] PCI: Using ACPI for IRQ routing
[    0.402499] NetLabel: Initializing
[    0.403738] NetLabel:  domain hash size = 128
[    0.404010] NetLabel:  protocols = UNLABELED CIPSOv4 CALIPSO
[    0.408044] NetLabel:  unlabeled traffic allowed by default
[    0.410332] clocksource: Switched to clocksource kvm-clock
[    0.416715] VFS: Disk quotas dquot_6.6.0
[    0.416715] VFS: Dquot-cache hash table entries: 512 (order 0, 4096 bytes)
[    0.416715] AppArmor: AppArmor Filesystem Enabled
[    0.416715] pnp: PnP ACPI init
[    0.416715] pnp: PnP ACPI: found 3 devices
[    0.461069] clocksource: acpi_pm: mask: 0xffffff max_cycles: 0xffffff, max_idle_ns: 2085701024 ns
[    0.464150] NET: Registered protocol family 2
[    0.471132] TCP established hash table entries: 8192 (order: 4, 65536 bytes)
[    0.473762] TCP bind hash table entries: 8192 (order: 5, 131072 bytes)
[    0.477545] TCP: Hash tables configured (established 8192 bind 8192)
[    0.477717] UDP hash table entries: 512 (order: 2, 16384 bytes)
[    0.477717] UDP-Lite hash table entries: 512 (order: 2, 16384 bytes)
[    0.477717] NET: Registered protocol family 1
[    0.477717] pci 0000:00:00.0: Limiting direct PCI/PCI transfers
[    0.477717] pci 0000:00:01.0: Activating ISA DMA hang workarounds
[    0.477717] pci 0000:00:02.0: Video device with shadowed ROM at [mem 0x000c0000-0x000dffff]
[    0.477717] Unpacking initramfs...
[    0.903338] Freeing initrd memory: 19224K
[    0.905059] clocksource: tsc: mask: 0xffffffffffffffff max_cycles: 0x29b933a53d1, max_idle_ns: 440795251394 ns
[    0.909100] platform rtc_cmos: registered platform RTC device (no PNP device found)
[    0.912334] Scanning for low memory corruption every 60 seconds
[    0.915977] Initialise system trusted keyrings
[    0.917992] Key type blacklist registered
[    0.919846] workingset: timestamp_bits=36 max_order=18 bucket_order=0
[    0.923491] zbud: loaded
[    0.925500] squashfs: version 4.0 (2009/01/31) Phillip Lougher
[    0.928217] fuse init (API version 7.26)
[    0.935554] Key type asymmetric registered
[    0.936966] Asymmetric key parser 'x509' registered
[    0.938652] Block layer SCSI generic (bsg) driver version 0.4 loaded (major 246)
[    0.941244] io scheduler noop registered
[    0.942584] io scheduler deadline registered
[    0.944049] io scheduler cfq registered (default)
[    0.946090] ACPI: AC Adapter [AC] (on-line)
[    0.947491] input: Power Button as /devices/LNXSYSTM:00/LNXPWRBN:00/input/input0
[    0.950930] ACPI: Power Button [PWRF]
[    0.953413] input: Sleep Button as /devices/LNXSYSTM:00/LNXSLPBN:00/input/input1
[    0.957158] ACPI: Sleep Button [SLPF]
[    0.959047] Serial: 8250/16550 driver, 32 ports, IRQ sharing enabled
[    0.960462] ACPI: Battery Slot [BAT0] (battery present)
[    0.985617] 00:02: ttyS0 at I/O 0x3f8 (irq = 4, base_baud = 115200) is a 16550A
[    1.002301] Linux agpgart interface v0.103
[    1.010836] loop: module loaded
[    1.017957] scsi host0: ata_piix
[    1.020936] scsi host1: ata_piix
[    1.022243] ata1: PATA max UDMA/33 cmd 0x1f0 ctl 0x3f6 bmdma 0xd000 irq 14
[    1.024537] ata2: PATA max UDMA/33 cmd 0x170 ctl 0x376 bmdma 0xd008 irq 15
[    1.035989] libphy: Fixed MDIO Bus: probed
[    1.037371] tun: Universal TUN/TAP device driver, 1.6
[    1.040521] PPP generic driver version 2.4.2
[    1.042279] ehci_hcd: USB 2.0 'Enhanced' Host Controller (EHCI) Driver
[    1.044733] ehci-pci: EHCI PCI platform driver
[    1.046866] ehci-platform: EHCI generic platform driver
[    1.050753] ohci_hcd: USB 1.1 'Open' Host Controller (OHCI) Driver
[    1.054157] ohci-pci: OHCI PCI platform driver
[    1.055968] ohci-platform: OHCI generic platform driver
[    1.058925] uhci_hcd: USB Universal Host Controller Interface driver
[    1.061908] i8042: PNP: PS/2 Controller [PNP0303:PS2K,PNP0f03:PS2M] at 0x60,0x64 irq 1,12
[    1.066823] serio: i8042 KBD port at 0x60,0x64 irq 1
[    1.069111] serio: i8042 AUX port at 0x60,0x64 irq 12
[    1.071909] mousedev: PS/2 mouse device common for all mice
[    1.074355] input: AT Translated Set 2 keyboard as /devices/platform/i8042/serio0/input/input2
[    1.088694] rtc_cmos rtc_cmos: rtc core: registered rtc_cmos as rtc0
[    1.090724] rtc_cmos rtc_cmos: alarms up to one day, 114 bytes nvram
[    1.092587] i2c /dev entries driver
[    1.093923] device-mapper: uevent: version 1.0.3
[    1.095650] device-mapper: ioctl: 4.37.0-ioctl (2017-09-20) initialised: dm-devel@redhat.com
[    1.098459] ledtrig-cpu: registered to indicate activity on CPUs
[    1.101400] x86/pm: family 0x15 cpu detected, MSR saving is needed during suspending.
[    1.104298] NET: Registered protocol family 10
[    1.114106] Segment Routing with IPv6
[    1.115468] NET: Registered protocol family 17
[    1.117542] Key type dns_resolver registered
[    1.119371] mce: Using 0 MCE banks
[    1.120705] RAS: Correctable Errors collector initialized.
[    1.122540] sched_clock: Marking stable (1120626119, 0)->(1436994677, -316368558)
[    1.127300] registered taskstats version 1
[    1.128776] Loading compiled-in X.509 certificates
[    1.135600] Loaded X.509 cert 'Build time autogenerated kernel key: 9b9955b80c271df2d4651fb935031a2c1666e8fa'
[    1.139273] zswap: loaded using pool lzo/zbud
[    1.150914] Key type big_key registered
[    1.152534] Key type trusted registered
[    1.158361] Key type encrypted registered
[    1.160119] AppArmor: AppArmor sha1 policy hashing enabled
[    1.162257] ima: No TPM chip found, activating TPM-bypass! (rc=-19)
[    1.164580] ima: Allocated hash algorithm: sha1
[    1.166297] evm: HMAC attrs: 0x1
[    1.168049]   Magic number: 13:473:870
[    1.170710] rtc_cmos rtc_cmos: setting system clock to 2021-07-08 05:51:11 UTC (1625723471)
[    1.174241] BIOS EDD facility v0.16 2004-Jun-25, 0 devices found
[    1.176444] EDD information not available.
[    1.224523] Freeing unused kernel image memory: 2440K
[    1.236688] Write protecting the kernel read-only data: 20480k
[    1.239752] Freeing unused kernel image memory: 2008K
[    1.242393] Freeing unused kernel image memory: 1868K
[    1.253569] x86/mm: Checked W+X mappings: passed, no W+X pages found.
Loading, please wait...
starting version 237
[    1.359959] Fusion MPT base driver 3.04.20
[    1.362367] Copyright (c) 1999-2008 LSI Corporation
[    1.366018] e1000: Intel(R) PRO/1000 Network Driver - version 7.3.21-k8-NAPI
[    1.369377] e1000: Copyright (c) 1999-2006 Intel Corporation.
[    1.378283] Fusion MPT SPI Host driver 3.04.20
[    1.411426] AVX2 version of gcm_enc/dec engaged.
[    1.414064] AES CTR mode by8 optimization enabled
[    1.593262] input: ImExPS/2 Generic Explorer Mouse as /devices/platform/i8042/serio1/input/input4
[    1.944675] e1000 0000:00:03.0 eth0: (PCI:33MHz:32-bit) 02:45:97:fd:e2:17
[    1.947546] e1000 0000:00:03.0 eth0: Intel(R) PRO/1000 Network Connection
[    1.951973] mptbase: ioc0: Initiating bringup
[    1.956792] e1000 0000:00:03.0 enp0s3: renamed from eth0
[    2.489539] ioc0: LSI53C1030 A0: Capabilities={Initiator}
[    4.317892] scsi host2: ioc0: LSI53C1030 A0, FwRev=00000000h, Ports=1, MaxQ=256, IRQ=20
[    6.109902] scsi 2:0:0:0: Direct-Access     VBOX     HARDDISK         1.0  PQ: 0 ANSI: 5
[    6.168865] scsi target2:0:0: Beginning Domain Validation
[    6.173005] scsi target2:0:0: Domain Validation skipping write tests
[    6.174798] scsi target2:0:0: Ending Domain Validation
[    6.176216] scsi target2:0:0: asynchronous
[    6.177927] scsi 2:0:1:0: Direct-Access     VBOX     HARDDISK         1.0  PQ: 0 ANSI: 5
[    6.208071] scsi target2:0:1: Beginning Domain Validation
[    6.210977] random: fast init done
[    6.212765] scsi target2:0:1: Domain Validation skipping write tests
[    6.214454] scsi target2:0:1: Ending Domain Validation
[    6.215943] scsi target2:0:1: asynchronous
[    6.222634] random: systemd-udevd: uninitialized urandom read (16 bytes read)
[    6.223873] sd 2:0:0:0: [sda] 83886080 512-byte logical blocks: (42.9 GB/40.0 GiB)
[    6.228194] random: systemd-udevd: uninitialized urandom read (16 bytes read)
[    6.234136] sd 2:0:0:0: [sda] Write Protect is off
[    6.234573] random: systemd-udevd: uninitialized urandom read (16 bytes read)
[    6.239904] sd 2:0:0:0: Attached scsi generic sg0 type 0
[    6.242293] sd 2:0:0:0: [sda] Incomplete mode parameter data
[    6.242317] sd 2:0:1:0: Attached scsi generic sg1 type 0
[    6.255559] sd 2:0:0:0: [sda] Assuming drive cache: write through
[    6.259657] sd 2:0:1:0: [sdb] 20480 512-byte logical blocks: (10.5 MB/10.0 MiB)
[    6.261839] sd 2:0:1:0: [sdb] Write Protect is off
[    6.263851] sd 2:0:1:0: [sdb] Incomplete mode parameter data
[    6.265558] sd 2:0:1:0: [sdb] Assuming drive cache: write through
[    6.266988]  sda: sda1
[    6.270046] sd 2:0:0:0: [sda] Attached SCSI disk
[    6.272897] sd 2:0:1:0: [sdb] Attached SCSI disk
Begin: Loading essential drivers ... [    7.956039] raid6: sse2x1   gen()  5598 MB/s
[    8.004045] raid6: sse2x1   xor()  4109 MB/s
[    8.052704] raid6: sse2x2   gen()  6180 MB/s
[    8.100568] raid6: sse2x2   xor()  5643 MB/s
[    8.148450] raid6: sse2x4   gen()  4420 MB/s
[    8.196354] raid6: sse2x4   xor()  4035 MB/s
[    8.248138] raid6: avx2x1   gen()  6122 MB/s
[    8.299990] raid6: avx2x1   xor()  5817 MB/s
[    8.348840] raid6: avx2x2   gen()  8054 MB/s
[    8.396663] raid6: avx2x2   xor()  5968 MB/s
[    8.444792] raid6: avx2x4   gen()  2020 MB/s
[    8.492561] raid6: avx2x4   xor()  2840 MB/s
[    8.494687] raid6: using algorithm avx2x2 gen() 8054 MB/s
[    8.497317] raid6: .... xor() 5968 MB/s, rmw enabled
[    8.499891] raid6: using avx2x2 recovery algorithm
[    8.504402] xor: automatically using best checksumming function   avx       
[    8.508618] async_tx: api initialized (async)
done.
Begin: Running /scripts/init-premount ... done.
Begin: Mounting root file system ... Begin: Running /scripts/local-top ... done.
Begin: Running /scripts/local-premount ... [    8.595173] Btrfs loaded, crc32c=crc32c-intel
Scanning for Btrfs filesystems
done.
Warning: fsck not present, so skipping root file system
[    8.667619] EXT4-fs (sda1): mounted filesystem with ordered data mode. Opts: (null)
done.
Begin: Running /scripts/local-bottom ... done.
Begin: Running /scripts/init-bottom ... done.
[    9.119128] ip_tables: (C) 2000-2006 Netfilter Core Team
[    9.135518] systemd[1]: systemd 237 running in system mode. (+PAM +AUDIT +SELINUX +IMA +APPARMOR +SMACK +SYSVINIT +UTMP +LIBCRYPTSETUP +GCRYPT +GNUTLS +ACL +XZ +LZ4 +SECCOMP +BLKID +ELFUTILS +KMOD -IDN2 +IDN -PCRE2 default-hierarchy=hybrid)
[    9.141609] systemd[1]: Detected virtualization oracle.
[    9.143357] systemd[1]: Detected architecture x86-64.

Welcome to [1mUbuntu 18.04.5 LTS[0m!

[    9.165098] systemd[1]: Set hostname to <ubuntu>.
[    9.172979] systemd[1]: Initializing machine ID from random generator.
[    9.175049] systemd[1]: Installed transient /etc/machine-id file.
[    9.598308] systemd[1]: Created slice User and Session Slice.
[[0;32m  OK  [0m] Created slice User and Session Slice.
[    9.602525] systemd[1]: Set up automount Arbitrary Executable File Formats File System Automount Point.
[[0;32m  OK  [0m] Set up automount Arbitrary Executab…rmats File System Automount Point.
[    9.608110] systemd[1]: Started Forward Password Requests to Wall Directory Watch.
[[0;32m  OK  [0m] Started Forward Password Requests to Wall Directory Watch.
[    9.612559] systemd[1]: Reached target Swap.
[[0;32m  OK  [0m] Reached target Swap.
[[0;32m  OK  [0m] Reached target System Time Synchronized.
[[0;32m  OK  [0m] Created slice System Slice.
[[0;32m  OK  [0m] Listening on LVM2 poll daemon socket.
[[0;32m  OK  [0m] Listening on fsck to fsckd communication Socket.
[[0;32m  OK  [0m] Listening on Journal Socket.
         Mounting Kernel Debug File System...
         Starting File System Check on Root Device...
         Mounting POSIX Message Queue File System...
[[0;32m  OK  [0m] Listening on Journal Audit Socket.
[[0;32m  OK  [0m] Listening on udev Kernel Socket.
         Starting Load Kernel Modules...
[[0;32m  OK  [0m] Created slice system-serial\x2dgetty.slice.
[[0;32m  OK  [0m] Listening on Journal Socket (/dev/log).
[[0;32m  OK  [0m] Listening on /dev/initctl Compatibility Named Pipe.
[[0;32m  OK  [0m] Reached target Slices.
[[0;32m  OK  [0m] Listening on Network Service Netlink Socket.
[[0;32m  OK  [0m] Listening on Syslog Socket.
         Starting Set the console keyboard layout...
[[0;32m  OK  [0m] Listening on udev Control Socket.
         Starting udev Coldplug all Devices...
         Starting Create list of required st…ce nodes for the current kernel...
[[0;32m  OK  [0m] Listening on Device-mapper event daemon FIFOs.
[[0;32m  OK  [0m] Reached target User and Group Name Lookups.
[    9.734565] Loading iSCSI transport class v2.0-870.
         Starting Uncomplicated firewall...
         Starting Journal Service...
         Mounting Huge Pages File System...
[[0;32m  OK  [0m] Listening on LVM2 metadata daemon socket.
         Starting Monitoring of LVM2 mirrors…ng dmeventd or progress polling...
[[0;32m  OK  [0m] Mounted Kernel Debug File System.
[[0;32m  OK  [0m] Started File System Check on Root Device.
[[0;32m  OK  [0m] Mounted POSIX Message Queue File System.
[[0;32m  OK  [0m] Started Uncomplicated firewall.
[[0;32m  OK  [0m] Mounted Huge Pages File System.
[[0;32m  OK  [0m] Started File System Check Daemon to report status.
         Starting Remount Root and Kernel File Systems...
[[0;32m  OK  [0m] Started Create list of required sta…vice nodes for the current kernel.
         Starting Create Static Device Nodes in /dev...
[[0;32m  OK  [0m] Started udev Coldplug all Devices.
[    9.907136] iscsi: registered transport (tcp)
[[0;32m  OK  [0m] Started Journal Service.
[[0;32m  OK  [0m] Started Create Static Device Nodes in /dev.
[    9.996983] EXT4-fs (sda1): re-mounted. Opts: (null)
[[0;32m  OK  [0m] Started Remount Root and Kernel File Systems.
         Starting udev Kernel Device Manager...
         Starting Flush Journal to Persistent Storage...
         Starting Load/Save Random Seed...
[[0;32m  OK  [0m] Started LVM2 metadata daemon.
[   10.117103] systemd-journald[409]: Received request to flush runtime journal from PID 1
[[0;32m  OK  [0m] Started Load/Save Random Seed.
[[0;32m  OK  [0m] Started Set the console keyboard layout.
[[0;32m  OK  [0m] Started udev Kernel Device Manager.
[[0;32m  OK  [0m] Started Dispatch Password Requests to Console Directory Watch.
[[0;32m  OK  [0m] Reached target Local Encrypted Volumes.
[   10.299957] iscsi: registered transport (iser)
[[0;32m  OK  [0m] Started Flush Journal to Persistent Storage.
[[0;32m  OK  [0m] Started Load Kernel Modules.
         Mounting FUSE Control File System...
         Mounting Kernel Configuration File System...
         Starting Apply Kernel Variables...
[[0;32m  OK  [0m] Mounted FUSE Control File System.
[[0;32m  OK  [0m] Started Monitoring of LVM2 mirrors,…sing dmeventd or progress polling.
[[0;32m  OK  [0m] Mounted Kernel Configuration File System.
[[0;32m  OK  [0m] Reached target Local File Systems (Pre).
[[0;32m  OK  [0m] Reached target Local File Systems.
         Starting Tell Plymouth To Write Out Runtime Data...
         Starting Create Volatile Files and Directories...
         Starting Set console font and keymap...
         Starting Commit a transient machine-id on disk...
         Starting AppArmor initialization...
         Starting ebtables ruleset management...
[[0;32m  OK  [0m] Started Apply Kernel Variables.
[[0;32m  OK  [0m] Started Tell Plymouth To Write Out Runtime Data.
[[0;32m  OK  [0m] Started Create Volatile Files and Directories.
[[0;32m  OK  [0m] Started Set console font and keymap.
         Starting Update UTMP about System Boot/Shutdown...
[[0;32m  OK  [0m] Started Update UTMP about System Boot/Shutdown.
[[0;32m  OK  [0m] Started Commit a transient machine-id on disk.
[[0;32m  OK  [0m] Started ebtables ruleset management.
[[0;32m  OK  [0m] Found device /dev/ttyS0.
[[0;32m  OK  [0m] Listening on Load/Save RF Kill Switch Status /dev/rfkill Watch.
[[0;32m  OK  [0m] Started AppArmor initialization.
         Starting Load AppArmor profiles managed internally by snapd...
         Starting Initial cloud-init job (pre-networking)...
[[0;32m  OK  [0m] Started Load AppArmor profiles managed internally by snapd.
[   15.003019] cloud-init[566]: Cloud-init v. 20.4.1-0ubuntu1~18.04.1 running 'init-local' at Thu, 08 Jul 2021 05:51:24 +0000. Up 14.40 seconds.
[[0;32m  OK  [0m] Started Initial cloud-init job (pre-networking).
[[0;32m  OK  [0m] Reached target Network (Pre).
         Starting Network Service...
[[0;32m  OK  [0m] Started Network Service.
         Starting Network Name Resolution...
         Starting Wait for Network to be Configured...
[[0;32m  OK  [0m] Started Network Name Resolution.
[[0;32m  OK  [0m] Reached target Network.
[[0;32m  OK  [0m] Reached target Host and Network Name Lookups.
[[0;32m  OK  [0m] Started Wait for Network to be Configured.
         Starting Initial cloud-init job (metadata service crawler)...
[   17.847172] cloud-init[676]: Cloud-init v. 20.4.1-0ubuntu1~18.04.1 running 'init' at Thu, 08 Jul 2021 05:51:27 +0000. Up 17.55 seconds.
[   17.852726] cloud-init[676]: ci-info: ++++++++++++++++++++++++++++++++++++++Net device info++++++++++++++++++++++++++++++++++++++
[   17.855111] cloud-init[676]: ci-info: +--------+------+----------------------------+---------------+--------+-------------------+
[   17.868620] cloud-init[676]: ci-info: | Device |  Up  |          Address           |      Mask     | Scope  |     Hw-Address    |
[   17.872621] cloud-init[676]: ci-info: +--------+------+----------------------------+---------------+--------+-------------------+
[   17.878296] cloud-init[676]: ci-info: | enp0s3 | True |         10.0.2.15          | 255.255.255.0 | global | 02:45:97:fd:e2:17 |
[   17.882902] cloud-init[676]: ci-info: | enp0s3 | True | fe80::45:97ff:fefd:e217/64 |       .       |  link  | 02:45:97:fd:e2:17 |
[   17.888489] cloud-init[676]: ci-info: |   lo   | True |         127.0.0.1          |   255.0.0.0   |  host  |         .         |
[   17.894144] cloud-init[676]: ci-info: |   lo   | True |          ::1/128           |       .       |  host  |         .         |
[   17.897156] cloud-init[676]: ci-info: +--------+------+----------------------------+---------------+--------+-------------------+
[   17.899432] cloud-init[676]: ci-info: ++++++++++++++++++++++++++++Route IPv4 info+++++++++++++++++++++++++++++
[   17.902907] cloud-init[676]: ci-info: +-------+-------------+----------+-----------------+-----------+-------+
[   17.905076] cloud-init[676]: ci-info: | Route | Destination | Gateway  |     Genmask     | Interface | Flags |
[   17.907213] cloud-init[676]: ci-info: +-------+-------------+----------+-----------------+-----------+-------+
[   17.909466] cloud-init[676]: ci-info: |   0   |   0.0.0.0   | 10.0.2.2 |     0.0.0.0     |   enp0s3  |   UG  |
[   17.912209] cloud-init[676]: ci-info: |   1   |   10.0.2.0  | 0.0.0.0  |  255.255.255.0  |   enp0s3  |   U   |
[   17.915469] cloud-init[676]: ci-info: |   2   |   10.0.2.2  | 0.0.0.0  | 255.255.255.255 |   enp0s3  |   UH  |
[   17.918110] cloud-init[676]: ci-info: +-------+-------------+----------+-----------------+-----------+-------+
[   17.920985] cloud-init[676]: ci-info: +++++++++++++++++++Route IPv6 info+++++++++++++++++++
[   17.932914] cloud-init[676]: ci-info: +-------+-------------+---------+-----------+-------+
[   17.949537] cloud-init[676]: ci-info: | Route | Destination | Gateway | Interface | Flags |
[   17.953209] cloud-init[676]: ci-info: +-------+-------------+---------+-----------+-------+
[   17.955533] cloud-init[676]: ci-info: |   1   |  fe80::/64  |    ::   |   enp0s3  |   U   |
[   17.958439] cloud-init[676]: ci-info: |   3   |    local    |    ::   |   enp0s3  |   U   |
[   17.973061] cloud-init[676]: ci-info: |   4   |   ff00::/8  |    ::   |   enp0s3  |   U   |
[   17.988528] cloud-init[676]: ci-info: +-------+-------------+---------+-----------+-------+
[   21.417665] cloud-init[676]: Generating public/private rsa key pair.
[   21.421841] cloud-init[676]: Your identification has been saved in /etc/ssh/ssh_host_rsa_key.
[   21.428394] cloud-init[676]: Your public key has been saved in /etc/ssh/ssh_host_rsa_key.pub.
[   21.434411] cloud-init[676]: The key fingerprint is:
[   21.435695] cloud-init[676]: SHA256:Una4iQ5hdVrNCHxpcbBWTfU232uQwgN/SWXEX2JoAPA root@ubuntu-bionic
[   21.437912] cloud-init[676]: The key's randomart image is:
[   21.439254] cloud-init[676]: +---[RSA 2048]----+
[   21.440756] cloud-init[676]: |     .+o*O++.o++ |
[   21.443253] cloud-init[676]: |     ..===o + =o.|
[   21.444761] cloud-init[676]: |    o .oE... o o=|
[   21.460568] cloud-init[676]: |   . . = ++ . o.=|
[   21.463452] cloud-init[676]: |    . o S  = =  o|
[   21.464703] cloud-init[676]: |     o .    + . .|
[   21.465847] cloud-init[676]: |      .        o |
[   21.467121] cloud-init[676]: |              .  |
[   21.468818] cloud-init[676]: |                 |
[   21.482422] cloud-init[676]: +----[SHA256]-----+
[   21.484377] cloud-init[676]: Generating public/private dsa key pair.
[   21.488121] cloud-init[676]: Your identification has been saved in /etc/ssh/ssh_host_dsa_key.
[   21.491010] cloud-init[676]: Your public key has been saved in /etc/ssh/ssh_host_dsa_key.pub.
[   21.510483] cloud-init[676]: The key fingerprint is:
[   21.513853] cloud-init[676]: SHA256:QkIUEWK3sqjw8Qhw/zzoZRdMpOm2ti8HxTH/fzi7CEk root@ubuntu-bionic
[   21.516931] cloud-init[676]: The key's randomart image is:
[   21.519073] cloud-init[676]: +---[DSA 1024]----+
[   21.520523] cloud-init[676]: |  o.B+  .        |
[   21.521990] cloud-init[676]: | . + . +o        |
[   21.536861] cloud-init[676]: |. o o +..+       |
[   21.540538] cloud-init[676]: |.o + + oo .      |
[   21.543698] cloud-init[676]: |+ o . +.S E.     |
[   21.545231] cloud-init[676]: |oo + =.o o ..    |
[   21.546461] cloud-init[676]: |. o o O.. o  . . |
[   21.548256] cloud-init[676]: |   . +.+.  . .+ .|
[   21.565125] cloud-init[676]: |    . .+.   . o= |
[   21.566729] cloud-init[676]: +----[SHA256]-----+
[   21.571552] cloud-init[676]: Generating public/private ecdsa key pair.
[   21.577774] cloud-init[676]: Your identification has been saved in /etc/ssh/ssh_host_ecdsa_key.
[   21.583340] cloud-init[676]: Your public key has been saved in /etc/ssh/ssh_host_ecdsa_key.pub.
[   21.587018] cloud-init[676]: The key fingerprint is:
[   21.588626] cloud-init[676]: SHA256:n44P6a6AzUBxv6IDnKt55+i9dmbthG65LV79yA+vgPU root@ubuntu-bionic
[   21.590897] cloud-init[676]: The key's randomart image is:
[   21.592347] cloud-init[676]: +---[ECDSA 256]---+
[   21.593966] cloud-init[676]: |  . .            |
[   21.595312] cloud-init[676]: |   o .           |
[   21.596589] cloud-init[676]: |  .   .          |
[   21.609421] cloud-init[676]: |...    .         |
[   21.613402] cloud-init[676]: |.o. . . S        |
[   21.618282] cloud-init[676]: | ..* . + = .     |
[   21.620601] cloud-init[676]: | .+ + oo* E      |
[   21.622100] cloud-init[676]: |...+ooB=.* =     |
[   21.623393] cloud-init[676]: |ooo++B=**.*o+    |
[   21.624815] cloud-init[676]: +----[SHA256]-----+
[   21.636411] cloud-init[676]: Generating public/private ed25519 key pair.
[   21.638170] cloud-init[676]: Your identification has been saved in /etc/ssh/ssh_host_ed25519_key.
[   21.640729] cloud-init[676]: Your public key has been saved in /etc/ssh/ssh_host_ed25519_key.pub.
[   21.643030] cloud-init[676]: The key fingerprint is:
[   21.656929] cloud-init[676]: SHA256:qWjN/TeoSJQApE6K2lDJXrBAJsD6n+QgVNdC7JCZPh0 root@ubuntu-bionic
[   21.662035] cloud-init[676]: The key's randomart image is:
[   21.664345] cloud-init[676]: +--[ED25519 256]--+
[   21.681561] cloud-init[676]: |B++ *..          |
[   21.683163] cloud-init[676]: |o= @ E .         |
[[   21.697015] cloud-init[676]: |o.B B o          |
[   21.697165] cloud-init[676]: |*+ + + . .       |
[   21.699096] cloud-init[676]: |=o. . o S        |
[0;32m  OK  [0m] Started Initial cloud-init job (metadata service crawler).
[   21.700992] cloud-init[676]: |ooo .= o         |
[[   21.716515] cloud-init[676]: |...=o.= .  .     |
[   21.716710] cloud-init[676]: |   .+. . .. o    |
[0;32m  OK  [0m] [   21.718494] Reached target Network is Online.cloud-init
[676]: |      . .... .   |
[   21.721772] cloud-init[676]: +----[SHA256]-----+
[[0;32m  OK  [0m] Reached target Remote File Systems (Pre).
[[0;32m  OK  [0m] Reached target Remote File Systems.
         Starting Availability of block devices...
[[0;32m  OK  [0m] Reached target System Initialization.
[[0;32m  OK  [0m] Started ACPI Events Check.
[[0;32m  OK  [0m] Started Message of the Day.
[[0;32m  OK  [0m] Listening on UUID daemon activation socket.
[[0;32m  OK  [0m] Started Discard unused blocks once a week.
[[0;32m  OK  [0m] Listening on ACPID Listen Socket.
[[0;32m  OK  [0m] Started Daily apt download activities.
[[0;32m  OK  [0m] Listening on D-Bus System Message Bus Socket.
         Starting Socket activation for snappy daemon.
[[0;32m  OK  [0m] Started Daily apt upgrade and clean activities.
[[0;32m  OK  [0m] Reached target Paths.
[[0;32m  OK  [0m] Started Daily Cleanup of Temporary Directories.
[[0;32m  OK  [0m] Reached target Timers.
[[0;32m  OK  [0m] Listening on Open-iSCSI iscsid Socket.
         Starting LXD - unix socket.
[[0;32m  OK  [0m] Reached target Cloud-config availability.
[[0;32m  OK  [0m] Started Availability of block devices.
[[0;32m  OK  [0m] Listening on Socket activation for snappy daemon.
[[0;32m  OK  [0m] Listening on LXD - unix socket.
[[0;32m  OK  [0m] Reached target Sockets.
[[0;32m  OK  [0m] Reached target Basic System.
         Starting Dispatcher daemon for systemd-networkd...
         Starting Permit User Sessions...
         Starting LSB: Record successful boot for GRUB...
[[0;32m  OK  [0m] Started Regular background program processing daemon.
         Starting LXD - container startup/shutdown...
         Starting Virtualbox guest utils...
[[0;32m  OK  [0m] Started Deferred execution scheduler.
         Starting Pollinate to seed the pseudo random number generator...
         Starting Snap Daemon...
[[0;32m  OK  [0m] Started irqbalance daemon.
         Starting System Logging Service...
         Starting Accounts Service...
         Starting Login Service...
[[0;32m  OK  [0m] Started D-Bus System Message Bus.
         Starting LSB: automatic crash report generation...
[[0;32m  OK  [0m] Started FUSE filesystem for LXC.
[[0;32m  OK  [0m] Started System Logging Service.
[[0;32m  OK  [0m] Started Permit User Sessions.
[[0;32m  OK  [0m] Started Login Service.
[[0;32m  OK  [0m] Started Unattended Upgrades Shutdown.
         Starting Terminate Plymouth Boot Screen...
         Starting Hold until boot process finishes up...
[[0;32m  OK  [0m] Started Terminate Plymouth Boot Screen.
[[0;32m  OK  [0m] Started Hold until boot process finishes up.
         Starting Set console scheme...
[[0;32m  OK  [0m] Started Serial Getty on ttyS0.
[[0;32m  OK  [0m] Started Set console scheme.
[[0;32m  OK  [0m] Created slice system-getty.slice.
[[0;32m  OK  [0m] Started Getty on tty1.
[[0;32m  OK  [0m] Reached target Login Prompts.
[[0;32m  OK  [0m] Started LSB: automatic crash report generation.
         Starting Authorization Manager...
[[0;32m  OK  [0m] Started LSB: Record successful boot for GRUB.
[[0;32m  OK  [0m] Started Virtualbox guest utils.
[[0;32m  OK  [0m] Started LXD - container startup/shutdown.
[[0;32m  OK  [0m] Started Authorization Manager.
[[0;32m  OK  [0m] Started Accounts Service.
[[0;32m  OK  [0m] Started Dispatcher daemon for systemd-networkd.
[[0;32m  OK  [0m] Started Snap Daemon.
         Starting Wait until snapd is fully seeded...
[[0;32m  OK  [0m] Started Wait until snapd is fully seeded.
         Starting Apply the settings specified in cloud-config...
[[0;32m  OK  [0m] Started Pollinate to seed the pseudo random number generator.
         Starting OpenBSD Secure Shell server...
[[0;32m  OK  [0m] Started OpenBSD Secure Shell server.
[[0;32m  OK  [0m] Reached target Multi-User System.
[[0;32m  OK  [0m] Reached target Graphical Interface.
         Starting Update UTMP about System Runlevel Changes...
[[0;32m  OK  [0m] Started Update UTMP about System Runlevel Changes.
[[0;32m  OK  [0m] Created slice User Slice of vagrant.
         Starting User Manager for UID 1000...
[[0;32m  OK  [0m] Started Session 1 of user vagrant.
[[0;32m  OK  [0m] Started User Manager for UID 1000.

Ubuntu 18.04.5 LTS ubuntu-bionic ttyS0

ubuntu-bionic login: [   29.532053] cloud-init[1103]: Cloud-init v. 20.4.1-0ubuntu1~18.04.1 running 'modules:config' at Thu, 08 Jul 2021 05:51:37 +0000. Up 26.73 seconds.
ci-info: no authorized SSH keys fingerprints found for user ubuntu.
<14>Jul  8 05:51:41 ec2: 
<14>Jul  8 05:51:41 ec2: #############################################################
<14>Jul  8 05:51:41 ec2: -----BEGIN SSH HOST KEY FINGERPRINTS-----
<14>Jul  8 05:51:41 ec2: 1024 SHA256:QkIUEWK3sqjw8Qhw/zzoZRdMpOm2ti8HxTH/fzi7CEk root@ubuntu-bionic (DSA)
<14>Jul  8 05:51:41 ec2: 256 SHA256:n44P6a6AzUBxv6IDnKt55+i9dmbthG65LV79yA+vgPU root@ubuntu-bionic (ECDSA)
<14>Jul  8 05:51:41 ec2: 256 SHA256:qWjN/TeoSJQApE6K2lDJXrBAJsD6n+QgVNdC7JCZPh0 root@ubuntu-bionic (ED25519)
<14>Jul  8 05:51:42 ec2: 2048 SHA256:Una4iQ5hdVrNCHxpcbBWTfU232uQwgN/SWXEX2JoAPA root@ubuntu-bionic (RSA)
<14>Jul  8 05:51:42 ec2: -----END SSH HOST KEY FINGERPRINTS-----
<14>Jul  8 05:51:42 ec2: #############################################################
-----BEGIN SSH HOST KEY KEYS-----
ecdsa-sha2-nistp256 AAAAE2VjZHNhLXNoYTItbmlzdHAyNTYAAAAIbmlzdHAyNTYAAABBBKaNQ5o/LFzoYEMhWWwlzY7kHVUJZLaoyVZAbQC8DP0f9gbz+flrUxqLmdkIwKpw1DBYPy/z3m7jKlpyzHX+hHg= root@ubuntu-bionic
ssh-ed25519 AAAAC3NzaC1lZDI1NTE5AAAAIDFoBl5pr4W9BXJmTigNCDazsHM/NszwlBDECdab4OD9 root@ubuntu-bionic
ssh-rsa AAAAB3NzaC1yc2EAAAADAQABAAABAQCklZTP4QPgh+oakYckNa+PxQDw22PwlDpjHttrrJ/PI74KfSoOeFZRJfgaG6S0supr0yQwNazw7vlkp2z7LlY23NBacgkVmyeeX/o6kVmCzdYnUJUGpr4y3OBpi/aNKExMFpVFhO1a9woQ1UwqeaaJ4azvVGPm07z1xgfEsujjhEhD2LGsn315C+yL2n++Qtk41qa8OE/kw26N1NG8B2KgUKj85MY0DNXKoG7MhXXpN7L4N0SSMTpaOfwV/yTCwY2gLI47omVoyLLUZe2KGpWgxKAbyIgXeIacUUfRZoqz3sFDvPwrk9bc8A1ZxU5tmtlgqn/L8fNNOfr9i8JxST/n root@ubuntu-bionic
-----END SSH HOST KEY KEYS-----
[   31.766870] cloud-init[1236]: Cloud-init v. 20.4.1-0ubuntu1~18.04.1 running 'modules:final' at Thu, 08 Jul 2021 05:51:41 +0000. Up 31.09 seconds.
[   31.767079] cloud-init[1236]: ci-info: no authorized SSH keys fingerprints found for user ubuntu.
[   31.767201] cloud-init[1236]: Cloud-init v. 20.4.1-0ubuntu1~18.04.1 finished at Thu, 08 Jul 2021 05:51:42 +0000. Datasource DataSourceNoCloud [seed=/dev/sdb][dsmode=net].  Up 31.71 seconds
